C51 COMPILER V8.02   EX23                                                                  06/24/2009 14:02:09 PAGE 1   


C51 COMPILER V8.02, COMPILATION OF MODULE EX23
OBJECT MODULE PLACED IN ex23.OBJ
COMPILER INVOKED BY: C:\Keil\C51\BIN\C51.EXE ex23.c BROWSE DEBUG OBJECTEXTEND

line level    source

   1          //实例23：用do-while语句控制P0口8位LED流水点亮
   2          #include<reg51.h>  //包含单片机寄存器的头文件
   3          /****************************************
   4          函数功能：延时约60ms (3*100*200=60000μs)
   5          ****************************************/
   6          void delay60ms(void)
   7          {
   8   1       unsigned char m,n;
   9   1       for(m=0;m<100;m++)
  10   1         for(n=0;n<200;n++)
  11   1              ;
  12   1      }
  13          /****************************************
  14          函数功能：主函数
  15          ****************************************/
  16          void main(void)
  17          {  
  18   1        do
  19   1          { 
  20   2                 P0=0xfe;     //第一个LED亮
  21   2                      delay60ms();
  22   2                 P0=0xfd;     //第二个LED亮
  23   2                      delay60ms();
  24   2                      P0=0xfb;     //第三个LED亮
  25   2                      delay60ms();
  26   2                      P0=0xf7;     //第四个LED亮
  27   2                      delay60ms();
  28   2                      P0=0xef;     //第五个LED亮
  29   2                      delay60ms();
  30   2                      P0=0xdf;     //第六个LED亮
  31   2                      delay60ms();
  32   2                      delay60ms();
  33   2                      P0=0xbf;     //第七个LED亮
  34   2                      delay60ms();
  35   2                      P0=0x7f;     //第八个LED亮
  36   2                 delay60ms();
  37   2               }while(1);     //无限循环，使8位LED循环流水点亮
  38   1      }


MODULE INFORMATION:   STATIC OVERLAYABLE
   CODE SIZE        =     66    ----
   CONSTANT SIZE    =   ----    ----
   XDATA SIZE       =   ----    ----
   PDATA SIZE       =   ----    ----
   DATA SIZE        =   ----    ----
   IDATA SIZE       =   ----    ----
   BIT SIZE         =   ----    ----
END OF MODULE INFORMATION.


C51 COMPILATION COMPLETE.  0 WARNING(S),  0 ERROR(S)
