C51 COMPILER V8.02   EX6                                                                   06/24/2009 13:33:59 PAGE 1   


C51 COMPILER V8.02, COMPILATION OF MODULE EX6
OBJECT MODULE PLACED IN ex6.OBJ
COMPILER INVOKED BY: C:\Keil\C51\BIN\C51.EXE ex6.c BROWSE DEBUG OBJECTEXTEND

line level    source

   1          //实例6：使用P0口流水点亮8位LED 
   2          #include<reg51.h>   //包含单片机寄存器的头文件
   3          /****************************************
   4          函数功能：延时一段时间
   5          *****************************************/
   6          
   7          void delay(void)
   8             {
   9   1                unsigned char i,j;
  10   1                 for(i=0;i<250;i++)
  11   1                       for(j=0;j<250;j++)               
  12   1                         ;
  13   1                }
  14          /*******************************************************
  15          函数功能：主函数 
  16          ********************************************************/
  17          void main(void)
  18          {
  19   1         while(1)
  20   1                {
  21   2                         P0=0xfe;   //第一个灯亮
  22   2                              delay();   //调用延时函数
  23   2                              P0=0xfd;   //第二个灯亮
  24   2                              delay();   //调用延时函数
  25   2                              P0=0xfb;   //第三个灯亮
  26   2                              delay();   //调用延时函数
  27   2                              P0=0xf7;   //第四个灯亮
  28   2                              delay();   //调用延时函数
  29   2                              P0=0xef;   //第五个灯亮
  30   2                      delay();   //调用延时函数
  31   2                              P0=0xdf;   //第六个灯亮
  32   2                         delay();   //调用延时函数
  33   2                              P0=0xbf;   //第七个灯亮
  34   2                      delay();   //调用延时函数
  35   2                              P0=0x7f;   //第八个灯亮
  36   2                      delay();   //调用延时函数  
  37   2               }
  38   1      
  39   1       }
  40          
  41                       
  42          
  43          
  44          
  45          
  46          


MODULE INFORMATION:   STATIC OVERLAYABLE
   CODE SIZE        =     63    ----
   CONSTANT SIZE    =   ----    ----
   XDATA SIZE       =   ----    ----
   PDATA SIZE       =   ----    ----
   DATA SIZE        =   ----    ----
   IDATA SIZE       =   ----    ----
C51 COMPILER V8.02   EX6                                                                   06/24/2009 13:33:59 PAGE 2   

   BIT SIZE         =   ----    ----
END OF MODULE INFORMATION.


C51 COMPILATION COMPLETE.  0 WARNING(S),  0 ERROR(S)
