C51 COMPILER V8.02   EX7                                                                   06/24/2009 13:38:33 PAGE 1   


C51 COMPILER V8.02, COMPILATION OF MODULE EX7
OBJECT MODULE PLACED IN ex7.OBJ
COMPILER INVOKED BY: C:\Keil\C51\BIN\C51.EXE ex7.c BROWSE DEBUG OBJECTEXTEND

line level    source

   1          //实例7：通过对P0口地址的操作流水点亮8位LED
   2          #include<reg51.h>   //包含单片机寄存器的头文件
   3          //sfr x=0x80;   //P0口在存储器中的地址是80H， 通过sfr可定义8051内核单片机
   4                    //的所有内部8位特殊功能寄存器,对地址x的操作也就是对P0口的操作
   5          sfr x=0x90;   //P1口在存储器中的地址是90H， 通过sfr可定义8051内核单片机
   6                    //的所有内部8位特殊功能寄存器,对地址x的操作也就是对P1口的操作
   7          /****************************************
   8          函数功能：延时一段时间
   9          *****************************************/
  10          void delay(void)
  11             {
  12   1                unsigned char i,j;
  13   1                 for(i=0;i<250;i++)
  14   1                       for(j=0;j<250;j++)              
  15   1                         ;   //利用循环等待若干机器周期，从而延时一段时间
  16   1                }
  17          /*****************************************
  18          函数功能：主函数 
  19          ******************************************/
  20          void main(void)
  21          {
  22   1          while(1)
  23   1                {
  24   2                          x=0xfe;   //第一个灯亮
  25   2                              delay();  //调用延时函数
  26   2                               x=0xfd;  //第二个灯亮
  27   2                              delay();  //调用延时函数
  28   2                               x=0xfb;  //第三个灯亮
  29   2                              delay();  //调用延时函数
  30   2                               x=0xf7;  //第四个灯亮
  31   2                              delay();  //调用延时函数
  32   2                              x=0xef;   //第五个灯亮
  33   2                      delay();  //调用延时函数
  34   2                              x=0xdf;   //第六个灯亮
  35   2                         delay();  //调用延时函数
  36   2                              x=0xbf;   //第七个灯亮
  37   2                      delay();  //调用延时函数
  38   2                              x=0x7f;   //第八个灯亮
  39   2                      delay();  //调用延时函数    
  40   2              }
  41   1      
  42   1       }
  43          
  44                       
  45          
  46          
  47          
  48          


MODULE INFORMATION:   STATIC OVERLAYABLE
   CODE SIZE        =     63    ----
   CONSTANT SIZE    =   ----    ----
   XDATA SIZE       =   ----    ----
   PDATA SIZE       =   ----    ----
C51 COMPILER V8.02   EX7                                                                   06/24/2009 13:38:33 PAGE 2   

   DATA SIZE        =   ----    ----
   IDATA SIZE       =   ----    ----
   BIT SIZE         =   ----    ----
END OF MODULE INFORMATION.


C51 COMPILATION COMPLETE.  0 WARNING(S),  0 ERROR(S)
