C51 COMPILER V8.02   EX3                                                                   05/16/2009 21:08:56 PAGE 1   


C51 COMPILER V8.02, COMPILATION OF MODULE EX3
OBJECT MODULE PLACED IN ex3.OBJ
COMPILER INVOKED BY: C:\Keil\C51\BIN\C51.EXE ex3.c BROWSE DEBUG OBJECTEXTEND

line level    source

   1          #include<reg51.h>  //包含51单片机寄存器定义的头文件
   2          void main(void)
   3            {
   4   1          P0=0xfe; //P1=1111 1110B，即P1.0输出低电平
   5   1        }


MODULE INFORMATION:   STATIC OVERLAYABLE
   CODE SIZE        =      4    ----
   CONSTANT SIZE    =   ----    ----
   XDATA SIZE       =   ----    ----
   PDATA SIZE       =   ----    ----
   DATA SIZE        =   ----    ----
   IDATA SIZE       =   ----    ----
   BIT SIZE         =   ----    ----
END OF MODULE INFORMATION.


C51 COMPILATION COMPLETE.  0 WARNING(S),  0 ERROR(S)
